<?xml version="1.0" encoding="utf-8"?><testsuites name="pytest tests"><testsuite name="pytest" errors="0" failures="0" skipped="0" tests="18" time="4.282" timestamp="2026-06-11T20:11:57.221254+00:00" hostname="agent-env-b9cbc1b8-2184-46b4-b7d5-2e029a0da844"><testcase classname="backend.tests.test_raddle_api.TestLevels" name="test_levels_wave_pattern" time="0.245" /><testcase classname="backend.tests.test_raddle_api.TestAuth" name="test_signup_login_me" time="0.631" /><testcase classname="backend.tests.test_raddle_api.TestAuth" name="test_signup_duplicate" time="0.420" /><testcase classname="backend.tests.test_raddle_api.TestAuth" name="test_signup_username_too_short" time="0.048" /><testcase classname="backend.tests.test_raddle_api.TestAuth" name="test_signup_username_too_long" time="0.046" /><testcase classname="backend.tests.test_raddle_api.TestAuth" name="test_signup_bad_chars" time="0.045" /><testcase classname="backend.tests.test_raddle_api.TestAuth" name="test_signup_short_password" time="0.043" /><testcase classname="backend.tests.test_raddle_api.TestAuth" name="test_login_wrong_pwd" time="0.281" /><testcase classname="backend.tests.test_raddle_api.TestAuth" name="test_login_unknown" time="0.048" /><testcase classname="backend.tests.test_raddle_api.TestAuth" name="test_me_no_token" time="0.079" /><testcase classname="backend.tests.test_raddle_api.TestAuth" name="test_me_bad_token" time="0.049" /><testcase classname="backend.tests.test_raddle_api.TestProgress" name="test_complete_level_persist_and_idempotent" time="0.414" /><testcase classname="backend.tests.test_raddle_api.TestProgress" name="test_complete_level_bad" time="0.096" /><testcase classname="backend.tests.test_raddle_api.TestProgress" name="test_complete_level_unauth" time="0.044" /><testcase classname="backend.tests.test_raddle_api.TestRooms" name="test_create_join_flow" time="0.629" /><testcase classname="backend.tests.test_raddle_api.TestRooms" name="test_move_validation_and_solve" time="0.486" /><testcase classname="backend.tests.test_raddle_api.TestRooms" name="test_hint_locked_initially" time="0.160" /><testcase classname="backend.tests.test_raddle_api.TestRooms" name="test_move_non_member_403" time="0.420" /></testsuite></testsuites>